# JRE version: OpenJDK Runtime Environment (11.0.12+7) (build 11.0.12+7-b1504.28-7817840)
# Java VM: OpenJDK 64-Bit Server VM (11.0.12+7-b1504.28-7817840, mixed mode, tiered, compressed oops, g1 gc, windows-amd64)
Heap:
 garbage-first heap   total 165888K, used 101949K [0x00000000a0000000, 0x0000000100000000)
  region size 1024K, 8 young (8192K), 5 survivors (5120K)
 Metaspace       used 91145K, capacity 93899K, committed 94284K, reserved 1130496K
  class space    used 11922K, capacity 12920K, committed 13132K, reserved 1048576K
GC Heap History (20 events):
Event: 2382.058 GC heap before
{Heap before GC invocations=60 (full 0):
 garbage-first heap   total 131072K, used 100727K [0x00000000a0000000, 0x0000000100000000)
  region size 1024K, 17 young (17408K), 1 survivors (1024K)
 Metaspace       used 90335K, capacity 92947K, committed 93772K, reserved 1130496K
  class space    used 11837K, capacity 12743K, committed 13132K, reserved 1048576K
}
Event: 2382.073 GC heap after
{Heap after GC invocations=61 (full 0):
 garbage-first heap   total 131072K, used 85368K [0x00000000a0000000, 0x0000000100000000)
  region size 1024K, 2 young (2048K), 2 survivors (2048K)
 Metaspace       used 90335K, capacity 92947K, committed 93772K, reserved 1130496K
  class space    used 11837K, capacity 12743K, committed 13132K, reserved 1048576K
}
Event: 2382.216 GC heap before
{Heap before GC invocations=61 (full 0):
 garbage-first heap   total 131072K, used 102776K [0x00000000a0000000, 0x0000000100000000)
  region size 1024K, 19 young (19456K), 2 survivors (2048K)
 Metaspace       used 90416K, capacity 93105K, committed 93772K, reserved 1130496K
  class space    used 11858K, capacity 12796K, committed 13132K, reserved 1048576K
}
Event: 2382.221 GC heap after
{Heap after GC invocations=62 (full 0):
 garbage-first heap   total 131072K, used 86787K [0x00000000a0000000, 0x0000000100000000)
  region size 1024K, 3 young (3072K), 3 survivors (3072K)
 Metaspace       used 90416K, capacity 93105K, committed 93772K, reserved 1130496K
  class space    used 11858K, capacity 12796K, committed 13132K, reserved 1048576K
}
Event: 2382.329 GC heap before
{Heap before GC invocations=63 (full 0):
 garbage-first heap   total 131072K, used 104195K [0x00000000a0000000, 0x0000000100000000)
  region size 1024K, 20 young (20480K), 3 survivors (3072K)
 Metaspace       used 90444K, capacity 93123K, committed 93772K, reserved 1130496K
  class space    used 11861K, capacity 12802K, committed 13132K, reserved 1048576K
}
Event: 2382.334 GC heap after
{Heap after GC invocations=64 (full 0):
 garbage-first heap   total 131072K, used 87585K [0x00000000a0000000, 0x0000000100000000)
  region size 1024K, 3 young (3072K), 3 survivors (3072K)
 Metaspace       used 90444K, capacity 93123K, committed 93772K, reserved 1130496K
  class space    used 11861K, capacity 12802K, committed 13132K, reserved 1048576K
}
Event: 2382.360 GC heap before
{Heap before GC invocations=64 (full 0):
 garbage-first heap   total 131072K, used 90657K [0x00000000a0000000, 0x0000000100000000)
  region size 1024K, 6 young (6144K), 3 survivors (3072K)
 Metaspace       used 90444K, capacity 93123K, committed 93772K, reserved 1130496K
  class space    used 11861K, capacity 12802K, committed 13132K, reserved 1048576K
}
Event: 2382.365 GC heap after
{Heap after GC invocations=65 (full 0):
 garbage-first heap   total 131072K, used 86636K [0x00000000a0000000, 0x0000000100000000)
  region size 1024K, 1 young (1024K), 1 survivors (1024K)
 Metaspace       used 90444K, capacity 93123K, committed 93772K, reserved 1130496K
  class space    used 11861K, capacity 12802K, committed 13132K, reserved 1048576K
}
Event: 2382.452 GC heap before
{Heap before GC invocations=65 (full 0):
 garbage-first heap   total 131072K, used 105068K [0x00000000a0000000, 0x0000000100000000)
  region size 1024K, 19 young (19456K), 1 survivors (1024K)
 Metaspace       used 90481K, capacity 93167K, committed 93772K, reserved 1130496K
  class space    used 11872K, capacity 12817K, committed 13132K, reserved 1048576K
}
Event: 2382.456 GC heap after
{Heap after GC invocations=66 (full 0):
 garbage-first heap   total 131072K, used 87285K [0x00000000a0000000, 0x0000000100000000)
  region size 1024K, 2 young (2048K), 2 survivors (2048K)
 Metaspace       used 90481K, capacity 93167K, committed 93772K, reserved 1130496K
  class space    used 11872K, capacity 12817K, committed 13132K, reserved 1048576K
}
Event: 2382.661 GC heap before
{Heap before GC invocations=67 (full 0):
 garbage-first heap   total 131072K, used 105717K [0x00000000a0000000, 0x0000000100000000)
  region size 1024K, 20 young (20480K), 2 survivors (2048K)
 Metaspace       used 90539K, capacity 93259K, committed 94028K, reserved 1130496K
  class space    used 11876K, capacity 12824K, committed 13132K, reserved 1048576K
}
Event: 2382.665 GC heap after
{Heap after GC invocations=68 (full 0):
 garbage-first heap   total 131072K, used 89327K [0x00000000a0000000, 0x0000000100000000)
  region size 1024K, 3 young (3072K), 3 survivors (3072K)
 Metaspace       used 90539K, capacity 93259K, committed 94028K, reserved 1130496K
  class space    used 11876K, capacity 12824K, committed 13132K, reserved 1048576K
}
Event: 2382.767 GC heap before
{Heap before GC invocations=68 (full 0):
 garbage-first heap   total 131072K, used 107759K [0x00000000a0000000, 0x0000000100000000)
  region size 1024K, 21 young (21504K), 3 survivors (3072K)
 Metaspace       used 90565K, capacity 93269K, committed 94028K, reserved 1130496K
  class space    used 11883K, capacity 12830K, committed 13132K, reserved 1048576K
}
Event: 2382.777 GC heap after
{Heap after GC invocations=69 (full 0):
 garbage-first heap   total 131072K, used 90587K [0x00000000a0000000, 0x0000000100000000)
  region size 1024K, 2 young (2048K), 2 survivors (2048K)
 Metaspace       used 90565K, capacity 93269K, committed 94028K, reserved 1130496K
  class space    used 11883K, capacity 12830K, committed 13132K, reserved 1048576K
}
Event: 2382.924 GC heap before
{Heap before GC invocations=69 (full 0):
 garbage-first heap   total 131072K, used 107995K [0x00000000a0000000, 0x0000000100000000)
  region size 1024K, 19 young (19456K), 2 survivors (2048K)
 Metaspace       used 90612K, capacity 93321K, committed 94028K, reserved 1130496K
  class space    used 11889K, capacity 12867K, committed 13132K, reserved 1048576K
}
Event: 2382.929 GC heap after
{Heap after GC invocations=70 (full 0):
 garbage-first heap   total 165888K, used 91461K [0x00000000a0000000, 0x0000000100000000)
  region size 1024K, 3 young (3072K), 3 survivors (3072K)
 Metaspace       used 90612K, capacity 93321K, committed 94028K, reserved 1130496K
  class space    used 11889K, capacity 12867K, committed 13132K, reserved 1048576K
}
Event: 2383.333 GC heap before
{Heap before GC invocations=71 (full 0):
 garbage-first heap   total 165888K, used 121157K [0x00000000a0000000, 0x0000000100000000)
  region size 1024K, 32 young (32768K), 3 survivors (3072K)
 Metaspace       used 90825K, capacity 93625K, committed 94028K, reserved 1130496K
  class space    used 11904K, capacity 12891K, committed 13132K, reserved 1048576K
}
Event: 2383.340 GC heap after
{Heap after GC invocations=72 (full 0):
 garbage-first heap   total 165888K, used 94679K [0x00000000a0000000, 0x0000000100000000)
  region size 1024K, 4 young (4096K), 4 survivors (4096K)
 Metaspace       used 90825K, capacity 93625K, committed 94028K, reserved 1130496K
  class space    used 11904K, capacity 12891K, committed 13132K, reserved 1048576K
}
Event: 2383.796 GC heap before
{Heap before GC invocations=72 (full 0):
 garbage-first heap   total 165888K, used 124375K [0x00000000a0000000, 0x0000000100000000)
  region size 1024K, 34 young (34816K), 4 survivors (4096K)
 Metaspace       used 91109K, capacity 93823K, committed 94284K, reserved 1130496K
  class space    used 11919K, capacity 12916K, committed 13132K, reserved 1048576K
}
Event: 2383.810 GC heap after
{Heap after GC invocations=73 (full 0):
 garbage-first heap   total 165888K, used 99901K [0x00000000a0000000, 0x0000000100000000)
  region size 1024K, 5 young (5120K), 5 survivors (5120K)
 Metaspace       used 91109K, capacity 93823K, committed 94284K, reserved 1130496K
  class space    used 11919K, capacity 12916K, committed 13132K, reserved 1048576K
}

